🚀 Publishing Kavach Flutter SDK to Pub.dev...
Resolving dependencies...
Downloading packages...
  flutter_lints 3.0.2 (6.0.0 available)
  lints 3.0.0 (6.1.0 available)
  matcher 0.12.19 (0.12.20 available)
  meta 1.18.0 (1.18.3 available)
  test_api 0.7.11 (0.7.12 available)
  vector_math 2.2.0 (2.4.0 available)
Got dependencies!
6 packages have newer versions incompatible with dependency constraints.
Try `flutter pub outdated` for more information.
Publishing kavach_flutter 1.0.3 to https://pub.dev:
├── CHANGELOG.md (<1 KB)
├── LICENSE (1 KB)
├── README.md (3 KB)
├── lib
└── pubspec.yaml (<1 KB)

Total compressed archive size: 2 KB.
Validating package...
Package validation found the following potential issue:
* /Users/rajeevjoshi/Documents/kavachid/sdks/kavach-flutter/CHANGELOG.md doesn't mention current version (1.0.3).
  Consider updating it with notes on this version prior to publication.
Uploading...
Message from server: Successfully uploaded https://pub.dev/packages/kavach_flutter version 1.0.3, it may take up-to 10 minutes before the new version is available.
